#
# There is insufficient memory for the Java Runtime Environment to continue.
# Native memory allocation (malloc) failed to allocate 241072 bytes for Chunk::new
# Possible reasons:
#   The system is out of physical RAM or swap space
#   In 32 bit mode, the process size limit was hit
# Possible solutions:
#   Reduce memory load on the system
#   Increase physical memory or swap space
#   Check if swap backing store is full
#   Use 64 bit Java on a 64 bit OS
#   Decrease Java heap size (-Xmx/-Xms)
#   Decrease number of Java threads
#   Decrease Java thread stack sizes (-Xss)
#   Set larger code cache with -XX:ReservedCodeCacheSize=
# This output file may be truncated or incomplete.
#
#  Out of Memory Error (allocation.cpp:390), pid=13144, tid=0x0000000000002b1c
#
# JRE version: Java(TM) SE Runtime Environment (8.0_191-b12) (build 1.8.0_191-b12)
# Java VM: Java HotSpot(TM) 64-Bit Server VM (25.191-b12 mixed mode windows-amd64 compressed oops)
# Failed to write core dump. Minidumps are not enabled by default on client versions of Windows
#

---------------  T H R E A D  ---------------

Current thread (0x00000000178de800):  JavaThread "C2 CompilerThread1" daemon [_thread_in_native, id=11036, stack(0x0000000019020000,0x0000000019120000)]

Stack: [0x0000000019020000,0x0000000019120000]
[error occurred during error reporting (printing stack bounds), id 0xc0000005]

Native frames: (J=compiled Java code, j=interpreted, Vv=VM code, C=native code)


Current CompileTask:
C2:  32402 9509       4       com.android.tools.r8.graph.O0::a (2521 bytes)


---------------  P R O C E S S  ---------------

Java Threads: ( => current thread )
  0x000000001eb71000 JavaThread "WorkerExecutor Queue" [_thread_blocked, id=8984, stack(0x000000002c770000,0x000000002c870000)]
  0x000000001eb74800 JavaThread "Cache worker for execution history cache (C:\Users\Anonym\Documents\BFAApps\.gradle\6.5\executionHistory)" [_thread_blocked, id=11392, stack(0x000000002cbb0000,0x000000002ccb0000)]
  0x000000001eb6f800 JavaThread "Execution worker for ':' Thread 3" [_thread_blocked, id=12340, stack(0x000000002cab0000,0x000000002cbb0000)]
  0x000000001eb70000 JavaThread "Execution worker for ':' Thread 2" [_thread_blocked, id=5068, stack(0x000000002c9b0000,0x000000002cab0000)]
  0x000000001eb72800 JavaThread "Execution worker for ':'" [_thread_blocked, id=9008, stack(0x000000002c8b0000,0x000000002c9b0000)]
  0x000000001eb6e000 JavaThread "Cache worker for file content cache (C:\Users\Anonym\Documents\BFAApps\.gradle\6.5\fileContent)" [_thread_blocked, id=10392, stack(0x000000002ae20000,0x000000002af20000)]
  0x000000001eb66800 JavaThread "Memory manager" [_thread_blocked, id=12612, stack(0x0000000029cd0000,0x0000000029dd0000)]
  0x000000001eb6a000 JavaThread "Cache worker for Build Output Cleanup Cache (C:\Users\Anonym\Documents\BFAApps\.gradle\buildOutputCleanup)" [_thread_blocked, id=13332, stack(0x00000000299d0000,0x0000000029ad0000)]
  0x000000001eb68800 JavaThread "jar transforms Thread 114" [_thread_blocked, id=11096, stack(0x00000000298d0000,0x00000000299d0000)]
  0x000000001eb6c800 JavaThread "jar transforms Thread 113" [_thread_blocked, id=5820, stack(0x00000000296d0000,0x00000000297d0000)]
  0x000000001eb68000 JavaThread "jar transforms Thread 112" [_thread_blocked, id=6480, stack(0x00000000295d0000,0x00000000296d0000)]
  0x000000001eb6d000 JavaThread "jar transforms Thread 111" [_thread_blocked, id=12408, stack(0x00000000294d0000,0x00000000295d0000)]
  0x000000001ff6b800 JavaThread "jar transforms Thread 110" [_thread_blocked, id=236, stack(0x00000000293d0000,0x00000000294d0000)]
  0x000000001ff69800 JavaThread "jar transforms Thread 109" [_thread_blocked, id=11080, stack(0x00000000292d0000,0x00000000293d0000)]
  0x000000001ff68800 JavaThread "jar transforms Thread 108" [_thread_blocked, id=12624, stack(0x00000000291d0000,0x00000000292d0000)]
  0x000000001ff6e800 JavaThread "jar transforms Thread 107" [_thread_blocked, id=2164, stack(0x00000000290d0000,0x00000000291d0000)]
  0x000000001ff6d000 JavaThread "jar transforms Thread 106" [_thread_blocked, id=10016, stack(0x0000000028fd0000,0x00000000290d0000)]
  0x000000001ff6c800 JavaThread "jar transforms Thread 105" [_thread_blocked, id=7396, stack(0x0000000028ed0000,0x0000000028fd0000)]
  0x000000001ff6b000 JavaThread "jar transforms Thread 104" [_thread_blocked, id=11324, stack(0x0000000028dd0000,0x0000000028ed0000)]
  0x000000001ff6a000 JavaThread "jar transforms Thread 103" [_thread_blocked, id=12824, stack(0x0000000028cd0000,0x0000000028dd0000)]
  0x000000001ff6f800 JavaThread "jar transforms Thread 102" [_thread_blocked, id=11728, stack(0x0000000028bd0000,0x0000000028cd0000)]
  0x000000001ff68000 JavaThread "jar transforms Thread 101" [_thread_blocked, id=12912, stack(0x0000000028ad0000,0x0000000028bd0000)]
  0x000000001ff6e000 JavaThread "jar transforms Thread 100" [_thread_blocked, id=12752, stack(0x00000000289d0000,0x0000000028ad0000)]
  0x000000001ff60800 JavaThread "jar transforms Thread 99" [_thread_blocked, id=13836, stack(0x00000000288d0000,0x00000000289d0000)]
  0x000000001ff67000 JavaThread "jar transforms Thread 98" [_thread_blocked, id=9972, stack(0x00000000287d0000,0x00000000288d0000)]
  0x000000001ff62000 JavaThread "jar transforms Thread 97" [_thread_blocked, id=8036, stack(0x00000000286d0000,0x00000000287d0000)]
  0x000000001ff61000 JavaThread "jar transforms Thread 96" [_thread_blocked, id=8064, stack(0x00000000285d0000,0x00000000286d0000)]
  0x000000001ff66800 JavaThread "jar transforms Thread 95" [_thread_blocked, id=10084, stack(0x00000000284d0000,0x00000000285d0000)]
  0x000000001ff65800 JavaThread "jar transforms Thread 94" [_thread_blocked, id=752, stack(0x00000000283d0000,0x00000000284d0000)]
  0x000000001ff65000 JavaThread "jar transforms Thread 93" [_thread_blocked, id=7040, stack(0x00000000282d0000,0x00000000283d0000)]
  0x000000001ff64000 JavaThread "jar transforms Thread 92" [_thread_blocked, id=10476, stack(0x00000000281d0000,0x00000000282d0000)]
  0x000000001ff63800 JavaThread "jar transforms Thread 91" [_thread_blocked, id=5224, stack(0x00000000280d0000,0x00000000281d0000)]
  0x000000001ff62800 JavaThread "jar transforms Thread 90" [_thread_blocked, id=10600, stack(0x0000000027fd0000,0x00000000280d0000)]
  0x000000001b820800 JavaThread "jar transforms Thread 89" [_thread_blocked, id=10848, stack(0x0000000027ed0000,0x0000000027fd0000)]
  0x000000001b81f800 JavaThread "jar transforms Thread 88" [_thread_blocked, id=12468, stack(0x0000000027dd0000,0x0000000027ed0000)]
  0x000000001b821000 JavaThread "jar transforms Thread 87" [_thread_blocked, id=11972, stack(0x0000000027cd0000,0x0000000027dd0000)]
  0x000000001b81f000 JavaThread "jar transforms Thread 86" [_thread_blocked, id=5164, stack(0x0000000027bd0000,0x0000000027cd0000)]
  0x000000001b81c800 JavaThread "jar transforms Thread 85" [_thread_blocked, id=8400, stack(0x0000000027ad0000,0x0000000027bd0000)]
  0x000000001b81e000 JavaThread "jar transforms Thread 84" [_thread_blocked, id=3556, stack(0x00000000279d0000,0x0000000027ad0000)]
  0x000000001b81d800 JavaThread "jar transforms Thread 83" [_thread_blocked, id=10908, stack(0x00000000278d0000,0x00000000279d0000)]
  0x000000001b815000 JavaThread "jar transforms Thread 82" [_thread_blocked, id=8712, stack(0x00000000277d0000,0x00000000278d0000)]
  0x000000001b81c000 JavaThread "jar transforms Thread 81" [_thread_blocked, id=14148, stack(0x00000000276d0000,0x00000000277d0000)]
  0x000000001b814000 JavaThread "jar transforms Thread 80" [_thread_blocked, id=13324, stack(0x00000000275d0000,0x00000000276d0000)]
  0x000000001b81b000 JavaThread "jar transforms Thread 79" [_thread_blocked, id=1976, stack(0x00000000274d0000,0x00000000275d0000)]
  0x000000001b81a800 JavaThread "jar transforms Thread 78" [_thread_blocked, id=11548, stack(0x00000000273d0000,0x00000000274d0000)]
  0x000000001b819800 JavaThread "jar transforms Thread 77" [_thread_blocked, id=12732, stack(0x00000000272d0000,0x00000000273d0000)]
  0x000000001b819000 JavaThread "jar transforms Thread 76" [_thread_blocked, id=5676, stack(0x00000000271d0000,0x00000000272d0000)]
  0x000000001b812000 JavaThread "jar transforms Thread 75" [_thread_blocked, id=2684, stack(0x00000000270d0000,0x00000000271d0000)]
  0x000000001b817800 JavaThread "jar transforms Thread 74" [_thread_blocked, id=7244, stack(0x0000000026fd0000,0x00000000270d0000)]
  0x000000001b813800 JavaThread "jar transforms Thread 73" [_thread_blocked, id=11448, stack(0x0000000026ed0000,0x0000000026fd0000)]
  0x000000001b816800 JavaThread "jar transforms Thread 72" [_thread_blocked, id=13000, stack(0x0000000026dd0000,0x0000000026ed0000)]
  0x000000001b812800 JavaThread "jar transforms Thread 71" [_thread_blocked, id=10768, stack(0x0000000026cd0000,0x0000000026dd0000)]
  0x000000001b818000 JavaThread "jar transforms Thread 70" [_thread_blocked, id=6248, stack(0x0000000026bd0000,0x0000000026cd0000)]
  0x000000001b815800 JavaThread "jar transforms Thread 69" [_thread_blocked, id=10904, stack(0x0000000026ad0000,0x0000000026bd0000)]
  0x0000000020033800 JavaThread "jar transforms Thread 68" [_thread_blocked, id=8040, stack(0x00000000269d0000,0x0000000026ad0000)]
  0x0000000020034800 JavaThread "jar transforms Thread 67" [_thread_blocked, id=14024, stack(0x00000000268d0000,0x00000000269d0000)]
  0x0000000020031800 JavaThread "jar transforms Thread 66" [_thread_blocked, id=11344, stack(0x00000000267d0000,0x00000000268d0000)]
  0x0000000020033000 JavaThread "jar transforms Thread 65" [_thread_blocked, id=4140, stack(0x00000000266d0000,0x00000000267d0000)]
  0x0000000020035000 JavaThread "jar transforms Thread 64" [_thread_blocked, id=12212, stack(0x00000000265d0000,0x00000000266d0000)]
  0x0000000020030000 JavaThread "jar transforms Thread 63" [_thread_blocked, id=14052, stack(0x00000000264d0000,0x00000000265d0000)]
  0x000000002002f000 JavaThread "jar transforms Thread 62" [_thread_blocked, id=8756, stack(0x00000000263d0000,0x00000000264d0000)]
  0x0000000020030800 JavaThread "jar transforms Thread 61" [_thread_blocked, id=13012, stack(0x00000000262d0000,0x00000000263d0000)]
  0x000000002002e800 JavaThread "jar transforms Thread 60" [_thread_blocked, id=14204, stack(0x00000000261d0000,0x00000000262d0000)]
  0x000000002002d800 JavaThread "jar transforms Thread 59" [_thread_blocked, id=13628, stack(0x00000000260d0000,0x00000000261d0000)]
  0x0000000020032000 JavaThread "jar transforms Thread 58" [_thread_blocked, id=4856, stack(0x0000000025fd0000,0x00000000260d0000)]
  0x0000000020026000 JavaThread "jar transforms Thread 57" [_thread_blocked, id=11868, stack(0x0000000025ed0000,0x0000000025fd0000)]
  0x0000000020029000 JavaThread "jar transforms Thread 56" [_thread_blocked, id=2988, stack(0x0000000025dd0000,0x0000000025ed0000)]
  0x000000002002d000 JavaThread "jar transforms Thread 55" [_thread_blocked, id=14128, stack(0x0000000025cd0000,0x0000000025dd0000)]
  0x0000000020028800 JavaThread "jar transforms Thread 54" [_thread_blocked, id=11468, stack(0x0000000025bd0000,0x0000000025cd0000)]
  0x0000000020027800 JavaThread "jar transforms Thread 53" [_thread_blocked, id=12276, stack(0x0000000025ad0000,0x0000000025bd0000)]
  0x0000000020027000 JavaThread "jar transforms Thread 52" [_thread_blocked, id=12576, stack(0x00000000259d0000,0x0000000025ad0000)]
  0x000000002002c000 JavaThread "jar transforms Thread 51" [_thread_blocked, id=8316, stack(0x00000000258d0000,0x00000000259d0000)]
  0x000000002002b800 JavaThread "jar transforms Thread 50" [_thread_blocked, id=13200, stack(0x00000000257d0000,0x00000000258d0000)]
  0x000000002002a800 JavaThread "jar transforms Thread 49" [_thread_blocked, id=2216, stack(0x00000000256d0000,0x00000000257d0000)]
  0x000000002002a000 JavaThread "jar transforms Thread 48" [_thread_blocked, id=14212, stack(0x00000000255d0000,0x00000000256d0000)]
  0x000000001deaf800 JavaThread "jar transforms Thread 47" [_thread_blocked, id=12120, stack(0x00000000254d0000,0x00000000255d0000)]
  0x000000001deac800 JavaThread "jar transforms Thread 46" [_thread_blocked, id=2920, stack(0x00000000253d0000,0x00000000254d0000)]
  0x000000001deab800 JavaThread "jar transforms Thread 45" [_thread_blocked, id=12020, stack(0x00000000252d0000,0x00000000253d0000)]
  0x000000001deae000 JavaThread "jar transforms Thread 44" [_thread_blocked, id=14104, stack(0x00000000251d0000,0x00000000252d0000)]
  0x000000001deae800 JavaThread "jar transforms Thread 43" [_thread_blocked, id=3928, stack(0x00000000250d0000,0x00000000251d0000)]
  0x000000001dead000 JavaThread "jar transforms Thread 42" [_thread_blocked, id=14028, stack(0x0000000024fd0000,0x00000000250d0000)]
  0x000000001deab000 JavaThread "jar transforms Thread 41" [_thread_blocked, id=5488, stack(0x0000000024ed0000,0x0000000024fd0000)]
  0x000000001dea4000 JavaThread "jar transforms Thread 40" [_thread_blocked, id=14272, stack(0x0000000024dd0000,0x0000000024ed0000)]
  0x000000001dea4800 JavaThread "jar transforms Thread 39" [_thread_blocked, id=10664, stack(0x0000000024cd0000,0x0000000024dd0000)]
  0x000000001dea3000 JavaThread "jar transforms Thread 38" [_thread_blocked, id=11056, stack(0x0000000024bd0000,0x0000000024cd0000)]
  0x000000001deaa000 JavaThread "jar transforms Thread 37" [_thread_blocked, id=12560, stack(0x0000000024ad0000,0x0000000024bd0000)]
  0x000000001dea2800 JavaThread "jar transforms Thread 36" [_thread_blocked, id=13632, stack(0x00000000249d0000,0x0000000024ad0000)]
  0x000000001dea9800 JavaThread "jar transforms Thread 35" [_thread_blocked, id=12640, stack(0x00000000248d0000,0x00000000249d0000)]
  0x000000001dea1800 JavaThread "jar transforms Thread 34" [_thread_blocked, id=7196, stack(0x00000000247d0000,0x00000000248d0000)]
  0x000000001dea8800 JavaThread "jar transforms Thread 33" [_thread_blocked, id=10256, stack(0x00000000246d0000,0x00000000247d0000)]
  0x000000001dea1000 JavaThread "jar transforms Thread 32" [_thread_blocked, id=14216, stack(0x00000000245d0000,0x00000000246d0000)]
  0x000000001dea8000 JavaThread "jar transforms Thread 31" [_thread_blocked, id=13116, stack(0x00000000244d0000,0x00000000245d0000)]
  0x000000001dea0000 JavaThread "jar transforms Thread 30" [_thread_blocked, id=6532, stack(0x00000000243d0000,0x00000000244d0000)]
  0x000000001dea7000 JavaThread "jar transforms Thread 29" [_thread_blocked, id=4172, stack(0x00000000242d0000,0x00000000243d0000)]
  0x000000001dea6800 JavaThread "jar transforms Thread 28" [_thread_blocked, id=12668, stack(0x00000000241d0000,0x00000000242d0000)]
  0x000000001dea5800 JavaThread "jar transforms Thread 27" [_thread_blocked, id=12860, stack(0x00000000240d0000,0x00000000241d0000)]
  0x000000001b36c800 JavaThread "jar transforms Thread 26" [_thread_blocked, id=11048, stack(0x0000000023fd0000,0x00000000240d0000)]
  0x000000001b36e800 JavaThread "jar transforms Thread 25" [_thread_blocked, id=13444, stack(0x0000000023ed0000,0x0000000023fd0000)]
  0x000000001b370000 JavaThread "jar transforms Thread 24" [_thread_blocked, id=13896, stack(0x0000000023dd0000,0x0000000023ed0000)]
  0x000000001b36d000 JavaThread "jar transforms Thread 23" [_thread_blocked, id=10856, stack(0x0000000023cd0000,0x0000000023dd0000)]
  0x000000001b36e000 JavaThread "jar transforms Thread 22" [_thread_blocked, id=4868, stack(0x0000000023bd0000,0x0000000023cd0000)]
  0x000000001b36b800 JavaThread "jar transforms Thread 21" [_thread_blocked, id=10668, stack(0x0000000023ad0000,0x0000000023bd0000)]
  0x000000001b36f800 JavaThread "jar transforms Thread 20" [_thread_blocked, id=1732, stack(0x00000000239d0000,0x0000000023ad0000)]
  0x000000001b36b000 JavaThread "jar transforms Thread 19" [_thread_blocked, id=14136, stack(0x00000000238d0000,0x00000000239d0000)]
  0x000000001b371000 JavaThread "jar transforms Thread 18" [_thread_blocked, id=13340, stack(0x00000000237d0000,0x00000000238d0000)]
  0x000000001b36a000 JavaThread "jar transforms Thread 17" [_thread_blocked, id=12856, stack(0x00000000236d0000,0x00000000237d0000)]
  0x000000001b52c000 JavaThread "jar transforms Thread 16" [_thread_blocked, id=10764, stack(0x00000000235d0000,0x00000000236d0000)]
  0x000000001b527800 JavaThread "jar transforms Thread 15" [_thread_blocked, id=1804, stack(0x00000000234d0000,0x00000000235d0000)]
  0x000000001b52b800 JavaThread "jar transforms Thread 14" [_thread_blocked, id=8324, stack(0x00000000233d0000,0x00000000234d0000)]
  0x000000001b527000 JavaThread "jar transforms Thread 13" [_thread_blocked, id=9244, stack(0x00000000232d0000,0x00000000233d0000)]
  0x000000001b52d000 JavaThread "jar transforms Thread 12" [_thread_blocked, id=13452, stack(0x00000000231d0000,0x00000000232d0000)]
  0x000000001b52a800 JavaThread "jar transforms Thread 11" [_thread_blocked, id=7048, stack(0x00000000230d0000,0x00000000231d0000)]
  0x000000001b52a000 JavaThread "jar transforms Thread 10" [_thread_blocked, id=1944, stack(0x0000000022ed0000,0x0000000022fd0000)]
  0x000000001b529000 JavaThread "jar transforms Thread 9" [_thread_blocked, id=5876, stack(0x0000000022dd0000,0x0000000022ed0000)]
  0x000000001b528800 JavaThread "jar transforms Thread 8" [_thread_blocked, id=5920, stack(0x0000000022cd0000,0x0000000022dd0000)]
  0x000000001b51f800 JavaThread "jar transforms Thread 7" [_thread_blocked, id=14144, stack(0x0000000022bd0000,0x0000000022cd0000)]
  0x000000001b526000 JavaThread "jar transforms Thread 6" [_thread_blocked, id=14032, stack(0x0000000022ad0000,0x0000000022bd0000)]
  0x000000001b51e800 JavaThread "jar transforms Thread 5" [_thread_blocked, id=8476, stack(0x00000000229d0000,0x0000000022ad0000)]
  0x000000001b525800 JavaThread "jar transforms Thread 4" [_thread_blocked, id=10940, stack(0x00000000228d0000,0x00000000229d0000)]
  0x000000001b521800 JavaThread "jar transforms Thread 3" [_thread_blocked, id=11184, stack(0x00000000227d0000,0x00000000228d0000)]
  0x000000001b51e000 JavaThread "jar transforms Thread 2" [_thread_blocked, id=13496, stack(0x00000000226d0000,0x00000000227d0000)]
  0x000000001b520000 JavaThread "Build operations Thread 4" [_thread_blocked, id=10192, stack(0x00000000225d0000,0x00000000226d0000)]
  0x000000001b524800 JavaThread "Build operations Thread 3" [_thread_blocked, id=8992, stack(0x00000000224d0000,0x00000000225d0000)]
  0x000000001b524000 JavaThread "Build operations Thread 2" [_thread_in_native, id=12460, stack(0x00000000223d0000,0x00000000224d0000)]
  0x000000001b521000 JavaThread "Build operations" [_thread_blocked, id=1692, stack(0x00000000222d0000,0x00000000223d0000)]
  0x000000001b2a5000 JavaThread "Cache worker for file content cache (C:\Users\Anonym\.gradle\caches\6.5\fileContent)" [_thread_blocked, id=12948, stack(0x0000000021bd0000,0x0000000021cd0000)]
  0x000000001b2a1000 JavaThread "jar transforms" [_thread_blocked, id=2724, stack(0x0000000021ad0000,0x0000000021bd0000)]
  0x000000001b2a0800 JavaThread "Cache worker for execution history cache (C:\Users\Anonym\.gradle\caches\6.5\executionHistory)" [_thread_blocked, id=13492, stack(0x00000000213d0000,0x00000000214d0000)]
  0x000000001b2a4000 JavaThread "Cache worker for cache directory md-rule (C:\Users\Anonym\.gradle\caches\6.5\md-rule)" [_thread_blocked, id=7716, stack(0x00000000212d0000,0x00000000213d0000)]
  0x000000001b2a3800 JavaThread "Cache worker for cache directory md-supplier (C:\Users\Anonym\.gradle\caches\6.5\md-supplier)" [_thread_blocked, id=11648, stack(0x000000001fde0000,0x000000001fee0000)]
  0x000000001b29f800 JavaThread "Cache worker for checksums cache (C:\Users\Anonym\Documents\BFAApps\.gradle\checksums)" [_thread_blocked, id=2712, stack(0x000000001fce0000,0x000000001fde0000)]
  0x000000001b29f000 JavaThread "Cache worker for file hash cache (C:\Users\Anonym\Documents\BFAApps\.gradle\6.5\fileHashes)" [_thread_blocked, id=10096, stack(0x00000000211d0000,0x00000000212d0000)]
  0x000000001b2a2800 JavaThread "Cache worker for file hash cache (C:\Users\Anonym\.gradle\caches\6.5\fileHashes)" [_thread_blocked, id=7172, stack(0x000000001d840000,0x000000001d940000)]
  0x000000001b2a5800 JavaThread "File lock request listener" [_thread_in_native, id=14048, stack(0x000000001d740000,0x000000001d840000)]
  0x000000001b2a2000 JavaThread "Cache worker for journal cache (C:\Users\Anonym\.gradle\caches\journal-1)" [_thread_blocked, id=13556, stack(0x000000001d440000,0x000000001d540000)]
  0x000000001b244000 JavaThread "Thread-9" [_thread_blocked, id=13308, stack(0x000000001d340000,0x000000001d440000)]
  0x000000001b250800 JavaThread "Stdin handler" [_thread_blocked, id=13004, stack(0x000000001d240000,0x000000001d340000)]
  0x000000001b24e000 JavaThread "Asynchronous log dispatcher for DefaultDaemonConnection: socket connection from /127.0.0.1:64184 to /127.0.0.1:64185" [_thread_blocked, id=12848, stack(0x000000001d140000,0x000000001d240000)]
  0x000000001b24d800 JavaThread "Daemon worker" [_thread_blocked, id=9140, stack(0x000000001d040000,0x000000001d140000)]
  0x000000001b24c800 JavaThread "Cancel handler" [_thread_blocked, id=1440, stack(0x000000001cf40000,0x000000001d040000)]
  0x000000001b1c3000 JavaThread "Handler for socket connection from /127.0.0.1:64184 to /127.0.0.1:64185" [_thread_in_native, id=13180, stack(0x000000001ce40000,0x000000001cf40000)]
  0x000000001b1c2000 JavaThread "Daemon" [_thread_blocked, id=11452, stack(0x000000001cb40000,0x000000001cc40000)]
  0x000000001b1b5800 JavaThread "Daemon periodic checks" [_thread_blocked, id=5328, stack(0x000000001ca40000,0x000000001cb40000)]
  0x000000001b1a7800 JavaThread "Incoming local TCP Connector on port 64184" [_thread_in_native, id=5776, stack(0x000000001c800000,0x000000001c900000)]
  0x0000000019920800 JavaThread "Daemon health stats" [_thread_blocked, id=13912, stack(0x000000001bfc0000,0x000000001c0c0000)]
  0x000000001792d800 JavaThread "Service Thread" daemon [_thread_blocked, id=13520, stack(0x0000000019620000,0x0000000019720000)]
  0x00000000178e3000 JavaThread "C1 CompilerThread2" daemon [_thread_blocked, id=2004, stack(0x0000000019120000,0x0000000019220000)]
=>0x00000000178de800 JavaThread "C2 CompilerThread1" daemon [_thread_in_native, id=11036, stack(0x0000000019020000,0x0000000019120000)]
  0x00000000178d7000 JavaThread "C2 CompilerThread0" daemon [_thread_in_native, id=10360, stack(0x0000000018f20000,0x0000000019020000)]
  0x00000000178d5000 JavaThread "Attach Listener" daemon [_thread_blocked, id=6900, stack(0x0000000018e20000,0x0000000018f20000)]
  0x00000000178d3800 JavaThread "Signal Dispatcher" daemon [_thread_blocked, id=11284, stack(0x0000000018d20000,0x0000000018e20000)]
  0x0000000002caa800 JavaThread "Finalizer" daemon [_thread_blocked, id=10300, stack(0x0000000018b20000,0x0000000018c20000)]
  0x00000000178ba000 JavaThread "Reference Handler" daemon [_thread_blocked, id=13960, stack(0x0000000018a20000,0x0000000018b20000)]
  0x000000000125e800 JavaThread "main" [_thread_blocked, id=2472, stack(0x0000000002a40000,0x0000000002b40000)]

Other Threads:
  0x0000000017898000 VMThread [stack: 0x0000000018920000,0x0000000018a20000] [id=12604]
  0x000000001792e800 WatcherThread [stack: 0x0000000019720000,0x0000000019820000] [id=12776]

VM state:not at safepoint (normal execution)

VM Mutex/Monitor currently owned by a thread: None

Heap:
 PSYoungGen      total 208896K, used 200205K [0x00000000d5580000, 0x00000000e3f80000, 0x0000000100000000)
  eden space 186880K, 95% used [0x00000000d5580000,0x00000000e046e550,0x00000000e0c00000)
  from space 22016K, 95% used [0x00000000e2480000,0x00000000e3915288,0x00000000e3a00000)
  to   space 25088K, 0% used [0x00000000e0c00000,0x00000000e0c00000,0x00000000e2480000)
 ParOldGen       total 141312K, used 35614K [0x0000000080000000, 0x0000000088a00000, 0x00000000d5580000)
  object space 141312K, 25% used [0x0000000080000000,0x00000000822c7b90,0x0000000088a00000)
 Metaspace       used 75292K, capacity 78954K, committed 79104K, reserved 1118208K
  class space    used 10551K, capacity 11228K, committed 11264K, reserved 1048576K

Card table byte_map: [0x0000000012070000,0x0000000012480000] byte_map_base: 0x0000000011c70000

Marking Bits: (ParMarkBitMap*) 0x0000000077f73e30
 Begin Bits: [0x0000000012b30000, 0x0000000014b30000)
 End Bits:   [0x0000000014b30000, 0x0000000016b30000)

Polling page: 0x0000000000ed0000

CodeCache: size=245760Kb used=26616Kb max_used=26793Kb free=219143Kb
 bounds [0x0000000002cb0000, 0x0000000004700000, 0x0000000011cb0000]
 total_blobs=9112 nmethods=8303 adapters=720
 compilation: enabled

Compilation events (10 events):
Event: 32.337 Thread 0x00000000178e3000 9516       3       java.util.IdentityHashMap$KeyIterator::next (13 bytes)
Event: 32.338 Thread 0x00000000178e3000 nmethod 9516 0x000000000385c9d0 code [0x000000000385cb40, 0x000000000385ce28]
Event: 32.339 Thread 0x00000000178e3000 9517       3       java.util.IdentityHashMap$IdentityHashMapIterator::nextIndex (72 bytes)
Event: 32.339 Thread 0x00000000178e3000 nmethod 9517 0x00000000035eb3d0 code [0x00000000035eb560, 0x00000000035eb9c8]
Event: 32.342 Thread 0x00000000178e3000 9518       3       com.android.tools.r8.utils.I::get (5 bytes)
Event: 32.343 Thread 0x00000000178e3000 nmethod 9518 0x00000000035e0f90 code [0x00000000035e1100, 0x00000000035e12a8]
Event: 32.344 Thread 0x00000000178e3000 9519       1       com.android.tools.r8.graph.C::D (5 bytes)
Event: 32.344 Thread 0x00000000178e3000 nmethod 9519 0x0000000003c2add0 code [0x0000000003c2af20, 0x0000000003c2b030]
Event: 32.346 Thread 0x00000000178e3000 9520       3       com.android.tools.r8.q.a.a.b.N2::<init> (5 bytes)
Event: 32.347 Thread 0x00000000178e3000 nmethod 9520 0x0000000003ae7290 code [0x0000000003ae73e0, 0x0000000003ae7590]

GC Heap History (10 events):
Event: 17.178 GC heap before
{Heap before GC invocations=13 (full 2):
 PSYoungGen      total 133120K, used 131454K [0x00000000d5580000, 0x00000000de680000, 0x0000000100000000)
  eden space 124928K, 100% used [0x00000000d5580000,0x00000000dcf80000,0x00000000dcf80000)
  from space 8192K, 79% used [0x00000000dde80000,0x00000000de4dfa00,0x00000000de680000)
  to   space 11776K, 0% used [0x00000000dcf80000,0x00000000dcf80000,0x00000000ddb00000)
 ParOldGen       total 90624K, used 15355K [0x0000000080000000, 0x0000000085880000, 0x00000000d5580000)
  object space 90624K, 16% used [0x0000000080000000,0x0000000080efee50,0x0000000085880000)
 Metaspace       used 50458K, capacity 52248K, committed 52352K, reserved 1093632K
  class space    used 6866K, capacity 7252K, committed 7296K, reserved 1048576K
Event: 17.202 GC heap after
Heap after GC invocations=13 (full 2):
 PSYoungGen      total 136704K, used 11774K [0x00000000d5580000, 0x00000000e1300000, 0x0000000100000000)
  eden space 124928K, 0% used [0x00000000d5580000,0x00000000d5580000,0x00000000dcf80000)
  from space 11776K, 99% used [0x00000000dcf80000,0x00000000ddaff9f0,0x00000000ddb00000)
  to   space 16384K, 0% used [0x00000000e0300000,0x00000000e0300000,0x00000000e1300000)
 ParOldGen       total 90624K, used 24060K [0x0000000080000000, 0x0000000085880000, 0x00000000d5580000)
  object space 90624K, 26% used [0x0000000080000000,0x000000008177f000,0x0000000085880000)
 Metaspace       used 50458K, capacity 52248K, committed 52352K, reserved 1093632K
  class space    used 6866K, capacity 7252K, committed 7296K, reserved 1048576K
}
Event: 20.024 GC heap before
{Heap before GC invocations=14 (full 2):
 PSYoungGen      total 136704K, used 112012K [0x00000000d5580000, 0x00000000e1300000, 0x0000000100000000)
  eden space 124928K, 80% used [0x00000000d5580000,0x00000000db763808,0x00000000dcf80000)
  from space 11776K, 99% used [0x00000000dcf80000,0x00000000ddaff9f0,0x00000000ddb00000)
  to   space 16384K, 0% used [0x00000000e0300000,0x00000000e0300000,0x00000000e1300000)
 ParOldGen       total 90624K, used 24060K [0x0000000080000000, 0x0000000085880000, 0x00000000d5580000)
  object space 90624K, 26% used [0x0000000080000000,0x000000008177f000,0x0000000085880000)
 Metaspace       used 56892K, capacity 58998K, committed 59136K, reserved 1099776K
  class space    used 7864K, capacity 8330K, committed 8448K, reserved 1048576K
Event: 20.062 GC heap after
Heap after GC invocations=14 (full 2):
 PSYoungGen      total 173056K, used 16364K [0x00000000d5580000, 0x00000000e1b80000, 0x0000000100000000)
  eden space 156672K, 0% used [0x00000000d5580000,0x00000000d5580000,0x00000000dee80000)
  from space 16384K, 99% used [0x00000000e0300000,0x00000000e12fb330,0x00000000e1300000)
  to   space 20992K, 0% used [0x00000000dee80000,0x00000000dee80000,0x00000000e0300000)
 ParOldGen       total 90624K, used 30807K [0x0000000080000000, 0x0000000085880000, 0x00000000d5580000)
  object space 90624K, 33% used [0x0000000080000000,0x0000000081e15df8,0x0000000085880000)
 Metaspace       used 56892K, capacity 58998K, committed 59136K, reserved 1099776K
  class space    used 7864K, capacity 8330K, committed 8448K, reserved 1048576K
}
Event: 20.062 GC heap before
{Heap before GC invocations=15 (full 3):
 PSYoungGen      total 173056K, used 16364K [0x00000000d5580000, 0x00000000e1b80000, 0x0000000100000000)
  eden space 156672K, 0% used [0x00000000d5580000,0x00000000d5580000,0x00000000dee80000)
  from space 16384K, 99% used [0x00000000e0300000,0x00000000e12fb330,0x00000000e1300000)
  to   space 20992K, 0% used [0x00000000dee80000,0x00000000dee80000,0x00000000e0300000)
 ParOldGen       total 90624K, used 30807K [0x0000000080000000, 0x0000000085880000, 0x00000000d5580000)
  object space 90624K, 33% used [0x0000000080000000,0x0000000081e15df8,0x0000000085880000)
 Metaspace       used 56892K, capacity 58998K, committed 59136K, reserved 1099776K
  class space    used 7864K, capacity 8330K, committed 8448K, reserved 1048576K
Event: 20.417 GC heap after
Heap after GC invocations=15 (full 3):
 PSYoungGen      total 173056K, used 0K [0x00000000d5580000, 0x00000000e1b80000, 0x0000000100000000)
  eden space 156672K, 0% used [0x00000000d5580000,0x00000000d5580000,0x00000000dee80000)
  from space 16384K, 0% used [0x00000000e0300000,0x00000000e0300000,0x00000000e1300000)
  to   space 20992K, 0% used [0x00000000dee80000,0x00000000dee80000,0x00000000e0300000)
 ParOldGen       total 141312K, used 35598K [0x0000000080000000, 0x0000000088a00000, 0x00000000d5580000)
  object space 141312K, 25% used [0x0000000080000000,0x00000000822c3b90,0x0000000088a00000)
 Metaspace       used 56874K, capacity 58938K, committed 59136K, reserved 1099776K
  class space    used 7859K, capacity 8320K, committed 8448K, reserved 1048576K
}
Event: 26.404 GC heap before
{Heap before GC invocations=16 (full 3):
 PSYoungGen      total 173056K, used 156672K [0x00000000d5580000, 0x00000000e1b80000, 0x0000000100000000)
  eden space 156672K, 100% used [0x00000000d5580000,0x00000000dee80000,0x00000000dee80000)
  from space 16384K, 0% used [0x00000000e0300000,0x00000000e0300000,0x00000000e1300000)
  to   space 20992K, 0% used [0x00000000dee80000,0x00000000dee80000,0x00000000e0300000)
 ParOldGen       total 141312K, used 35598K [0x0000000080000000, 0x0000000088a00000, 0x00000000d5580000)
  object space 141312K, 25% used [0x0000000080000000,0x00000000822c3b90,0x0000000088a00000)
 Metaspace       used 65849K, capacity 68652K, committed 68736K, reserved 1107968K
  class space    used 9261K, capacity 9801K, committed 9856K, reserved 1048576K
Event: 26.435 GC heap after
Heap after GC invocations=16 (full 3):
 PSYoungGen      total 177664K, used 15842K [0x00000000d5580000, 0x00000000e3a00000, 0x0000000100000000)
  eden space 156672K, 0% used [0x00000000d5580000,0x00000000d5580000,0x00000000dee80000)
  from space 20992K, 75% used [0x00000000dee80000,0x00000000dfdf8830,0x00000000e0300000)
  to   space 22016K, 0% used [0x00000000e2480000,0x00000000e2480000,0x00000000e3a00000)
 ParOldGen       total 141312K, used 35606K [0x0000000080000000, 0x0000000088a00000, 0x00000000d5580000)
  object space 141312K, 25% used [0x0000000080000000,0x00000000822c5b90,0x0000000088a00000)
 Metaspace       used 65849K, capacity 68652K, committed 68736K, reserved 1107968K
  class space    used 9261K, capacity 9801K, committed 9856K, reserved 1048576K
}
Event: 28.868 GC heap before
{Heap before GC invocations=17 (full 3):
 PSYoungGen      total 177664K, used 172514K [0x00000000d5580000, 0x00000000e3a00000, 0x0000000100000000)
  eden space 156672K, 100% used [0x00000000d5580000,0x00000000dee80000,0x00000000dee80000)
  from space 20992K, 75% used [0x00000000dee80000,0x00000000dfdf8830,0x00000000e0300000)
  to   space 22016K, 0% used [0x00000000e2480000,0x00000000e2480000,0x00000000e3a00000)
 ParOldGen       total 141312K, used 35606K [0x0000000080000000, 0x0000000088a00000, 0x00000000d5580000)
  object space 141312K, 25% used [0x0000000080000000,0x00000000822c5b90,0x0000000088a00000)
 Metaspace       used 70622K, capacity 73560K, committed 73728K, reserved 1112064K
  class space    used 9856K, capacity 10405K, committed 10496K, reserved 1048576K
Event: 28.898 GC heap after
Heap after GC invocations=17 (full 3):
 PSYoungGen      total 208896K, used 21076K [0x00000000d5580000, 0x00000000e3f80000, 0x0000000100000000)
  eden space 186880K, 0% used [0x00000000d5580000,0x00000000d5580000,0x00000000e0c00000)
  from space 22016K, 95% used [0x00000000e2480000,0x00000000e3915288,0x00000000e3a00000)
  to   space 25088K, 0% used [0x00000000e0c00000,0x00000000e0c00000,0x00000000e2480000)
 ParOldGen       total 141312K, used 35614K [0x0000000080000000, 0x0000000088a00000, 0x00000000d5580000)
  object space 141312K, 25% used [0x0000000080000000,0x00000000822c7b90,0x0000000088a00000)
 Metaspace       used 70622K, capacity 73560K, committed 73728K, reserved 1112064K
  class space    used 9856K, capacity 10405K, committed 10496K, reserved 1048576K
}

Deoptimization events (10 events):
Event: 31.527 Thread 0x000000001b524000 Uncommon trap: reason=unstable_if action=reinterpret pc=0x0000000003c88ae0 method=java.lang.invoke.MethodType.checkPtypes([Ljava/lang/Class;)I @ 40
Event: 31.576 Thread 0x000000001b520000 Uncommon trap: reason=unstable_if action=reinterpret pc=0x000000000339a81c method=java.util.WeakHashMap.remove(Ljava/lang/Object;)Ljava/lang/Object; @ 94
Event: 31.673 Thread 0x000000001b524800 Uncommon trap: reason=unstable_if action=reinterpret pc=0x0000000002ef1ec0 method=com.android.tools.r8.utils.Y.d(I)Z @ 45
Event: 31.882 Thread 0x000000001b524800 Uncommon trap: reason=unstable_if action=reinterpret pc=0x0000000004618f08 method=com.android.tools.r8.z.a.a.f.a(Lcom/android/tools/r8/z/a/a/a;ILjava/lang/String;[C)I @ 1
Event: 32.047 Thread 0x000000001b524000 Uncommon trap: reason=unstable_if action=reinterpret pc=0x0000000004612dac method=com.android.tools.r8.graph.I0$a.a(Ljava/lang/String;Ljava/lang/Object;)V @ 36
Event: 32.154 Thread 0x000000001b524800 Uncommon trap: reason=unstable_if action=reinterpret pc=0x0000000003704d5c method=com.android.tools.r8.z.a.a.f.a(II[C)Ljava/lang/String; @ 59
Event: 32.154 Thread 0x000000001b524800 Uncommon trap: reason=unstable_if action=reinterpret pc=0x0000000003ac35d8 method=com.android.tools.r8.graph.i0.a(C)I @ 16
Event: 32.154 Thread 0x000000001b524800 Uncommon trap: reason=unstable_if action=reinterpret pc=0x00000000031381d4 method=com.android.tools.r8.graph.i0.a(C[BI)I @ 27
Event: 32.170 Thread 0x000000001b524800 Uncommon trap: reason=unstable_if action=reinterpret pc=0x0000000003e4879c method=com.android.tools.r8.z.a.a.f.a(II[C)Ljava/lang/String; @ 59
Event: 32.170 Thread 0x000000001b524800 Uncommon trap: reason=unstable_if action=reinterpret pc=0x00000000033e6a04 method=com.android.tools.r8.graph.i0.a(C)I @ 16

Classes redefined (0 events):
No events

Internal exceptions (10 events):
Event: 27.231 Thread 0x000000001eb6f800 Implicit null exception at 0x0000000003b9dbce to 0x0000000003b9de55
Event: 27.988 Thread 0x000000001eb6f800 Implicit null exception at 0x0000000002f26b96 to 0x0000000002f26f31
Event: 27.997 Thread 0x000000001eb6f800 Implicit null exception at 0x0000000002ef4a96 to 0x0000000002ef4e29
Event: 28.558 Thread 0x000000001eb6f800 Exception <a 'java/lang/NoSuchMethodError': java.lang.Object.lambda$comparingByKey$bbdbfea9$1(Ljava/util/Map$Entry;Ljava/util/Map$Entry;)I> (0x00000000dd51bac0) thrown at [C:\re\workspace\8-2-build-windows-amd64-cygwin\jdk8u191\11896\hotspot\src\share\vm\
Event: 30.217 Thread 0x000000001b524800 Exception <a 'java/lang/NoSuchMethodError': java.lang.Object.lambda$static$0(Ljava/lang/String;)Z> (0x00000000db4986f0) thrown at [C:\re\workspace\8-2-build-windows-amd64-cygwin\jdk8u191\11896\hotspot\src\share\vm\interpreter\linkResolver.cpp, line 620]
Event: 30.606 Thread 0x000000001b520000 Exception <a 'sun/nio/fs/WindowsException'> (0x00000000dbe345e8) thrown at [C:\re\workspace\8-2-build-windows-amd64-cygwin\jdk8u191\11896\hotspot\src\share\vm\prims\jni.cpp, line 709]
Event: 30.606 Thread 0x000000001b521000 Exception <a 'sun/nio/fs/WindowsException'> (0x00000000dbcc6e98) thrown at [C:\re\workspace\8-2-build-windows-amd64-cygwin\jdk8u191\11896\hotspot\src\share\vm\prims\jni.cpp, line 709]
Event: 30.606 Thread 0x000000001b524000 Exception <a 'sun/nio/fs/WindowsException'> (0x00000000dbf13878) thrown at [C:\re\workspace\8-2-build-windows-amd64-cygwin\jdk8u191\11896\hotspot\src\share\vm\prims\jni.cpp, line 709]
Event: 30.769 Thread 0x000000001b524800 Exception <a 'sun/nio/fs/WindowsException'> (0x00000000dc917760) thrown at [C:\re\workspace\8-2-build-windows-amd64-cygwin\jdk8u191\11896\hotspot\src\share\vm\prims\jni.cpp, line 709]
Event: 31.778 Thread 0x000000001b520000 Exception <a 'java/lang/IncompatibleClassChangeError': Found class java.lang.Object, but interface was expected> (0x00000000ddc41d58) thrown at [C:\re\workspace\8-2-build-windows-amd64-cygwin\jdk8u191\11896\hotspot\src\share\vm\interpreter\linkResolver.cp

Events (10 events):
Event: 32.356 loading class com/android/tools/r8/s/b/o0
Event: 32.356 loading class com/android/tools/r8/s/b/o0 done
Event: 32.356 loading class com/android/tools/r8/s/b/k1
Event: 32.356 loading class com/android/tools/r8/s/b/k1 done
Event: 32.357 loading class com/android/tools/r8/ir/optimize/l$e
Event: 32.357 loading class com/android/tools/r8/ir/optimize/l$e done
Event: 32.368 loading class com/android/tools/r8/ir/optimize/l$i
Event: 32.368 loading class com/android/tools/r8/ir/optimize/l$i done
Event: 32.369 loading class com/android/tools/r8/ir/optimize/l$c
Event: 32.369 loading class com/android/tools/r8/ir/optimize/l$c done


Dynamic libraries:
0x00007ff721c20000 - 0x00007ff721c57000 	C:\Program Files\Java\jdk1.8.0_191\bin\java.exe
0x00007ffd38500000 - 0x00007ffd386f0000 	C:\WINDOWS\SYSTEM32\ntdll.dll
0x00007ffd367d0000 - 0x00007ffd36882000 	C:\WINDOWS\System32\KERNEL32.DLL
0x00007ffd360a0000 - 0x00007ffd36345000 	C:\WINDOWS\System32\KERNELBASE.dll
0x00007ffd38390000 - 0x00007ffd38433000 	C:\WINDOWS\System32\ADVAPI32.dll
0x00007ffd382f0000 - 0x00007ffd3838e000 	C:\WINDOWS\System32\msvcrt.dll
0x00007ffd380b0000 - 0x00007ffd38147000 	C:\WINDOWS\System32\sechost.dll
0x00007ffd36890000 - 0x00007ffd369af000 	C:\WINDOWS\System32\RPCRT4.dll
0x00007ffd365b0000 - 0x00007ffd36744000 	C:\WINDOWS\System32\USER32.dll
0x00007ffd35480000 - 0x00007ffd354a1000 	C:\WINDOWS\System32\win32u.dll
0x00007ffd36d60000 - 0x00007ffd36d86000 	C:\WINDOWS\System32\GDI32.dll
0x00007ffd35550000 - 0x00007ffd356e8000 	C:\WINDOWS\System32\gdi32full.dll
0x00007ffd354b0000 - 0x00007ffd3554e000 	C:\WINDOWS\System32\msvcp_win.dll
0x00007ffd356f0000 - 0x00007ffd357ea000 	C:\WINDOWS\System32\ucrtbase.dll
0x00007ffd202c0000 - 0x00007ffd20544000 	C:\WINDOWS\WinSxS\amd64_microsoft.windows.common-controls_6595b64144ccf1df_6.0.18362.1379_none_9e7ff3b3e45cc0c4\COMCTL32.dll
0x00007ffd36a20000 - 0x00007ffd36d57000 	C:\WINDOWS\System32\combase.dll
0x00007ffd36370000 - 0x00007ffd363f1000 	C:\WINDOWS\System32\bcryptPrimitives.dll
0x00007ffd37fb0000 - 0x00007ffd37fde000 	C:\WINDOWS\System32\IMM32.DLL
0x00000000500e0000 - 0x00000000501b2000 	C:\Program Files\Java\jdk1.8.0_191\jre\bin\msvcr100.dll
0x0000000077750000 - 0x0000000077ff4000 	C:\Program Files\Java\jdk1.8.0_191\jre\bin\server\jvm.dll
0x00007ffd38260000 - 0x00007ffd38268000 	C:\WINDOWS\System32\PSAPI.DLL
0x00007ffd267b0000 - 0x00007ffd267b9000 	C:\WINDOWS\SYSTEM32\WSOCK32.dll
0x00007ffd31230000 - 0x00007ffd31254000 	C:\WINDOWS\SYSTEM32\WINMM.dll
0x00007ffd2b2c0000 - 0x00007ffd2b2ca000 	C:\WINDOWS\SYSTEM32\VERSION.dll
0x00007ffd38440000 - 0x00007ffd384af000 	C:\WINDOWS\System32\WS2_32.dll
0x00007ffd31200000 - 0x00007ffd3122d000 	C:\WINDOWS\SYSTEM32\WINMMBASE.dll
0x00007ffd36050000 - 0x00007ffd3609a000 	C:\WINDOWS\System32\cfgmgr32.dll
0x0000000051b30000 - 0x0000000051b3f000 	C:\Program Files\Java\jdk1.8.0_191\jre\bin\verify.dll
0x0000000051b00000 - 0x0000000051b29000 	C:\Program Files\Java\jdk1.8.0_191\jre\bin\java.dll
0x00000000500c0000 - 0x00000000500d6000 	C:\Program Files\Java\jdk1.8.0_191\jre\bin\zip.dll
0x00007ffd37260000 - 0x00007ffd37948000 	C:\WINDOWS\System32\SHELL32.dll
0x00007ffd38150000 - 0x00007ffd381f7000 	C:\WINDOWS\System32\shcore.dll
0x00007ffd357f0000 - 0x00007ffd35f6b000 	C:\WINDOWS\System32\windows.storage.dll
0x00007ffd35430000 - 0x00007ffd35453000 	C:\WINDOWS\System32\profapi.dll
0x00007ffd353e0000 - 0x00007ffd3542a000 	C:\WINDOWS\System32\powrprof.dll
0x00007ffd353b0000 - 0x00007ffd353c0000 	C:\WINDOWS\System32\UMPDC.dll
0x00007ffd38200000 - 0x00007ffd38252000 	C:\WINDOWS\System32\shlwapi.dll
0x00007ffd35460000 - 0x00007ffd35471000 	C:\WINDOWS\System32\kernel.appcore.dll
0x00007ffd36350000 - 0x00007ffd36367000 	C:\WINDOWS\System32\cryptsp.dll
0x00000000500a0000 - 0x00000000500ba000 	C:\Program Files\Java\jdk1.8.0_191\jre\bin\net.dll
0x00007ffd34bf0000 - 0x00007ffd34c57000 	C:\WINDOWS\system32\mswsock.dll
0x0000000050080000 - 0x0000000050091000 	C:\Program Files\Java\jdk1.8.0_191\jre\bin\nio.dll
0x00007ffd1ea50000 - 0x00007ffd1ea77000 	C:\Users\Anonym\.gradle\native\f6784746aeab05261644944871eae4fe03e0ef1612fff0a4a95f87b438bc6780\windows-amd64\native-platform.dll
0x0000000051af0000 - 0x0000000051afd000 	C:\Program Files\Java\jdk1.8.0_191\jre\bin\management.dll
0x00007ffd34770000 - 0x00007ffd347a3000 	C:\WINDOWS\system32\rsaenh.dll
0x00007ffd36020000 - 0x00007ffd36046000 	C:\WINDOWS\System32\bcrypt.dll
0x00007ffd35290000 - 0x00007ffd352b5000 	C:\WINDOWS\SYSTEM32\USERENV.dll
0x00007ffd34dc0000 - 0x00007ffd34dcc000 	C:\WINDOWS\SYSTEM32\CRYPTBASE.dll
0x00007ffd34900000 - 0x00007ffd3493a000 	C:\WINDOWS\SYSTEM32\IPHLPAPI.DLL
0x00007ffd384b0000 - 0x00007ffd384b8000 	C:\WINDOWS\System32\NSI.dll
0x00007ffd2b660000 - 0x00007ffd2b676000 	C:\WINDOWS\SYSTEM32\dhcpcsvc6.DLL
0x00007ffd2b5b0000 - 0x00007ffd2b5cc000 	C:\WINDOWS\SYSTEM32\dhcpcsvc.DLL
0x00007ffd34940000 - 0x00007ffd34a0b000 	C:\WINDOWS\SYSTEM32\DNSAPI.dll
0x00007ffd2b7d0000 - 0x00007ffd2b7db000 	C:\WINDOWS\SYSTEM32\WINNSI.DLL

VM Arguments:
jvm_args: -Xmx2048m -Dfile.encoding=UTF-8 -Duser.country=US -Duser.language=en -Duser.variant 
java_command: org.gradle.launcher.daemon.bootstrap.GradleDaemon 6.5
java_class_path (initial): C:\Users\Anonym\.gradle\wrapper\dists\gradle-6.5-bin\6nifqtx7604sqp1q6g8wikw7p\gradle-6.5\lib\gradle-launcher-6.5.jar
Launcher Type: SUN_STANDARD

Environment Variables:
CLASSPATH=C:\Users\Anonym\Documents\BFAApps\\gradle\wrapper\gradle-wrapper.jar
PATH=C:\Program Files (x86)\Common Files\Oracle\Java\javapath;C:\Windows\system32;C:\Windows;C:\Windows\System32\Wbem;C:\Windows\System32\WindowsPowerShell\v1.0\;C:\Windows\System32\OpenSSH\;C:\Program Files (x86)\NVIDIA Corporation\PhysX\Common;C:\Program Files\Git\cmd;C:\xampp\php;C:\ProgramData\ComposerSetup\bin;C:\WINDOWS\system32;C:\WINDOWS;C:\WINDOWS\System32\Wbem;C:\WINDOWS\System32\WindowsPowerShell\v1.0\;C:\WINDOWS\System32\OpenSSH\;C:\Program Files\PuTTY\;C:\Users\Public\Documents\RAD Studio\7.0\Bpl;C:\ffmpeg\bin;C:\Users\Anonym\AppData\Local\Programs\Microsoft VS Code\bin;C:\Users\Anonym\AppData\Local\Microsoft\WindowsApps;
USERNAME=Anonym
OS=Windows_NT
PROCESSOR_IDENTIFIER=Intel64 Family 6 Model 69 Stepping 1, GenuineIntel



---------------  S Y S T E M  ---------------

OS: Windows 10.0 , 64 bit Build 18362 (10.0.18362.1350)

CPU:total 4 (initial active 4) (2 cores per cpu, 2 threads per core) family 6 model 69 stepping 1, cmov, cx8, fxsr, mmx, sse, sse2, sse3, ssse3, sse4.1, sse4.2, popcnt, avx, avx2, aes, clmul, erms, lzcnt, ht, tsc, tscinvbit, bmi1, bmi2

Memory: 4k page, physical 8268932k(447748k free), swap 12660776k(5708k free)

vm_info: Java HotSpot(TM) 64-Bit Server VM (25.191-b12) for windows-amd64 JRE (1.8.0_191-b12), built on Oct  6 2018 09:29:03 by "java_re" with MS VC++ 10.0 (VS2010)

time: Thu Feb 18 23:56:41 2021
elapsed time: 32 seconds (0d 0h 0m 32s)

